  417077701_PROYECTOFINAL_GPO12.cpp
c:\users\franc\desktop\labográfica\proyectofinallaboratoriocgihc\proyectofinallaboratoriocgihc\proyectofinallaboratoriocgihc\modelanim.h(104): warning C4244: '=': conversión de 'double' a 'float'; posible pérdida de datos
c:\users\franc\desktop\labográfica\proyectofinallaboratoriocgihc\proyectofinallaboratoriocgihc\proyectofinallaboratoriocgihc\modelanim.h(519): warning C4244: 'inicializando': conversión de 'double' a 'float'; posible pérdida de datos
c:\users\franc\desktop\labográfica\proyectofinallaboratoriocgihc\proyectofinallaboratoriocgihc\proyectofinallaboratoriocgihc\417077701_proyectofinal_gpo12.cpp(698): warning C4244: 'inicializando': conversión de 'double' a 'GLfloat'; posible pérdida de datos
c:\users\franc\desktop\labográfica\proyectofinallaboratoriocgihc\proyectofinallaboratoriocgihc\proyectofinallaboratoriocgihc\417077701_proyectofinal_gpo12.cpp(858): warning C4018: '<': no coinciden signed/unsigned
c:\users\franc\desktop\labográfica\proyectofinallaboratoriocgihc\proyectofinallaboratoriocgihc\proyectofinallaboratoriocgihc\417077701_proyectofinal_gpo12.cpp(868): warning C4018: '<': no coinciden signed/unsigned
c:\users\franc\desktop\labográfica\proyectofinallaboratoriocgihc\proyectofinallaboratoriocgihc\proyectofinallaboratoriocgihc\417077701_proyectofinal_gpo12.cpp(879): warning C4018: '<': no coinciden signed/unsigned
c:\users\franc\desktop\labográfica\proyectofinallaboratoriocgihc\proyectofinallaboratoriocgihc\proyectofinallaboratoriocgihc\417077701_proyectofinal_gpo12.cpp(1400): warning C4244: '=': conversión de 'double' a 'GLfloat'; posible pérdida de datos
c:\users\franc\desktop\labográfica\proyectofinallaboratoriocgihc\proyectofinallaboratoriocgihc\proyectofinallaboratoriocgihc\417077701_proyectofinal_gpo12.cpp(1401): warning C4244: '=': conversión de 'double' a 'GLfloat'; posible pérdida de datos
c:\users\franc\desktop\labográfica\proyectofinallaboratoriocgihc\proyectofinallaboratoriocgihc\proyectofinallaboratoriocgihc\417077701_proyectofinal_gpo12.cpp(1405): warning C4244: 'inicializando': conversión de 'double' a 'GLfloat'; posible pérdida de datos
c:\users\franc\desktop\labográfica\proyectofinallaboratoriocgihc\proyectofinallaboratoriocgihc\proyectofinallaboratoriocgihc\417077701_proyectofinal_gpo12.cpp(1406): warning C4244: 'inicializando': conversión de 'double' a 'GLfloat'; posible pérdida de datos
c:\users\franc\desktop\labográfica\proyectofinallaboratoriocgihc\proyectofinallaboratoriocgihc\proyectofinallaboratoriocgihc\417077701_proyectofinal_gpo12.cpp(1408): warning C4244: '=': conversión de 'double' a 'GLfloat'; posible pérdida de datos
c:\users\franc\desktop\labográfica\proyectofinallaboratoriocgihc\proyectofinallaboratoriocgihc\proyectofinallaboratoriocgihc\417077701_proyectofinal_gpo12.cpp(1409): warning C4244: '=': conversión de 'double' a 'GLfloat'; posible pérdida de datos
c:\users\franc\desktop\labográfica\proyectofinallaboratoriocgihc\proyectofinallaboratoriocgihc\proyectofinallaboratoriocgihc\417077701_proyectofinal_gpo12.cpp(1475): warning C4305: '+=': truncamiento de 'double' a 'float'
c:\users\franc\desktop\labográfica\proyectofinallaboratoriocgihc\proyectofinallaboratoriocgihc\proyectofinallaboratoriocgihc\417077701_proyectofinal_gpo12.cpp(1480): warning C4305: '-=': truncamiento de 'double' a 'float'
c:\users\franc\desktop\labográfica\proyectofinallaboratoriocgihc\proyectofinallaboratoriocgihc\proyectofinallaboratoriocgihc\417077701_proyectofinal_gpo12.cpp(1485): warning C4305: '-=': truncamiento de 'double' a 'float'
c:\users\franc\desktop\labográfica\proyectofinallaboratoriocgihc\proyectofinallaboratoriocgihc\proyectofinallaboratoriocgihc\417077701_proyectofinal_gpo12.cpp(1490): warning C4305: '+=': truncamiento de 'double' a 'float'
soil2-debug.lib(SOIL2.obj) : warning LNK4075: se omite '/EDITANDCONTINUE' debido a la especificación '/OPT:ICF'
LINK : warning LNK4098: la biblioteca predeterminada'MSVCRTD' entra en conflicto con otras bibliotecas; use la biblioteca /NODEFAULTLIB:biblioteca
  Generando código
  1 of 814 functions ( 0.1%) were compiled, the rest were copied from previous compilation.
    0 functions were new in current compilation
    0 functions had inline decision re-evaluated but remain unchanged
  Generación de código finalizada
soil2-debug.lib(etc1_utils.obj) : warning LNK4099: no se encontró PDB 'soil2-debug.pdb' con 'soil2-debug.lib(etc1_utils.obj)' o en 'C:\Users\franc\Desktop\LaboGráfica\ProyectoFinalLaboratorioCGIHC\ProyectoFinalLaboratorioCGIHC\Release\soil2-debug.pdb'; se vinculará el objeto sin tener en cuenta información de depuración
soil2-debug.lib(image_DXT.obj) : warning LNK4099: no se encontró PDB 'soil2-debug.pdb' con 'soil2-debug.lib(image_DXT.obj)' o en 'C:\Users\franc\Desktop\LaboGráfica\ProyectoFinalLaboratorioCGIHC\ProyectoFinalLaboratorioCGIHC\Release\soil2-debug.pdb'; se vinculará el objeto sin tener en cuenta información de depuración
soil2-debug.lib(image_helper.obj) : warning LNK4099: no se encontró PDB 'soil2-debug.pdb' con 'soil2-debug.lib(image_helper.obj)' o en 'C:\Users\franc\Desktop\LaboGráfica\ProyectoFinalLaboratorioCGIHC\ProyectoFinalLaboratorioCGIHC\Release\soil2-debug.pdb'; se vinculará el objeto sin tener en cuenta información de depuración
soil2-debug.lib(SOIL2.obj) : warning LNK4099: no se encontró PDB 'soil2-debug.pdb' con 'soil2-debug.lib(SOIL2.obj)' o en 'C:\Users\franc\Desktop\LaboGráfica\ProyectoFinalLaboratorioCGIHC\ProyectoFinalLaboratorioCGIHC\Release\soil2-debug.pdb'; se vinculará el objeto sin tener en cuenta información de depuración
  ProyectoFinalLaboratorioCGIHC.vcxproj -> C:\Users\franc\Desktop\LaboGráfica\ProyectoFinalLaboratorioCGIHC\ProyectoFinalLaboratorioCGIHC\Release\ProyectoFinalLaboratorioCGIHC.exe
