  417077701_PROYECTOFINAL_GPO12.cpp
c:\users\franc\desktop\labográfica\proyectofinallaboratoriocgihc\proyectofinallaboratoriocgihc\proyectofinallaboratoriocgihc\modelanim.h(104): warning C4244: '=': conversión de 'double' a 'float'; posible pérdida de datos
c:\users\franc\desktop\labográfica\proyectofinallaboratoriocgihc\proyectofinallaboratoriocgihc\proyectofinallaboratoriocgihc\modelanim.h(519): warning C4244: 'inicializando': conversión de 'double' a 'float'; posible pérdida de datos
c:\users\franc\desktop\labográfica\proyectofinallaboratoriocgihc\proyectofinallaboratoriocgihc\proyectofinallaboratoriocgihc\417077701_proyectofinal_gpo12.cpp(694): warning C4244: 'inicializando': conversión de 'double' a 'GLfloat'; posible pérdida de datos
c:\users\franc\desktop\labográfica\proyectofinallaboratoriocgihc\proyectofinallaboratoriocgihc\proyectofinallaboratoriocgihc\417077701_proyectofinal_gpo12.cpp(854): warning C4018: '<': no coinciden signed/unsigned
c:\users\franc\desktop\labográfica\proyectofinallaboratoriocgihc\proyectofinallaboratoriocgihc\proyectofinallaboratoriocgihc\417077701_proyectofinal_gpo12.cpp(864): warning C4018: '<': no coinciden signed/unsigned
c:\users\franc\desktop\labográfica\proyectofinallaboratoriocgihc\proyectofinallaboratoriocgihc\proyectofinallaboratoriocgihc\417077701_proyectofinal_gpo12.cpp(875): warning C4018: '<': no coinciden signed/unsigned
c:\users\franc\desktop\labográfica\proyectofinallaboratoriocgihc\proyectofinallaboratoriocgihc\proyectofinallaboratoriocgihc\417077701_proyectofinal_gpo12.cpp(1393): warning C4244: '=': conversión de 'double' a 'GLfloat'; posible pérdida de datos
c:\users\franc\desktop\labográfica\proyectofinallaboratoriocgihc\proyectofinallaboratoriocgihc\proyectofinallaboratoriocgihc\417077701_proyectofinal_gpo12.cpp(1394): warning C4244: '=': conversión de 'double' a 'GLfloat'; posible pérdida de datos
c:\users\franc\desktop\labográfica\proyectofinallaboratoriocgihc\proyectofinallaboratoriocgihc\proyectofinallaboratoriocgihc\417077701_proyectofinal_gpo12.cpp(1398): warning C4244: 'inicializando': conversión de 'double' a 'GLfloat'; posible pérdida de datos
c:\users\franc\desktop\labográfica\proyectofinallaboratoriocgihc\proyectofinallaboratoriocgihc\proyectofinallaboratoriocgihc\417077701_proyectofinal_gpo12.cpp(1399): warning C4244: 'inicializando': conversión de 'double' a 'GLfloat'; posible pérdida de datos
c:\users\franc\desktop\labográfica\proyectofinallaboratoriocgihc\proyectofinallaboratoriocgihc\proyectofinallaboratoriocgihc\417077701_proyectofinal_gpo12.cpp(1401): warning C4244: '=': conversión de 'double' a 'GLfloat'; posible pérdida de datos
c:\users\franc\desktop\labográfica\proyectofinallaboratoriocgihc\proyectofinallaboratoriocgihc\proyectofinallaboratoriocgihc\417077701_proyectofinal_gpo12.cpp(1402): warning C4244: '=': conversión de 'double' a 'GLfloat'; posible pérdida de datos
c:\users\franc\desktop\labográfica\proyectofinallaboratoriocgihc\proyectofinallaboratoriocgihc\proyectofinallaboratoriocgihc\417077701_proyectofinal_gpo12.cpp(1468): warning C4305: '+=': truncamiento de 'double' a 'float'
c:\users\franc\desktop\labográfica\proyectofinallaboratoriocgihc\proyectofinallaboratoriocgihc\proyectofinallaboratoriocgihc\417077701_proyectofinal_gpo12.cpp(1473): warning C4305: '-=': truncamiento de 'double' a 'float'
c:\users\franc\desktop\labográfica\proyectofinallaboratoriocgihc\proyectofinallaboratoriocgihc\proyectofinallaboratoriocgihc\417077701_proyectofinal_gpo12.cpp(1478): warning C4305: '-=': truncamiento de 'double' a 'float'
c:\users\franc\desktop\labográfica\proyectofinallaboratoriocgihc\proyectofinallaboratoriocgihc\proyectofinallaboratoriocgihc\417077701_proyectofinal_gpo12.cpp(1483): warning C4305: '+=': truncamiento de 'double' a 'float'
LINK : warning LNK4098: la biblioteca predeterminada'MSVCRT' entra en conflicto con otras bibliotecas; use la biblioteca /NODEFAULTLIB:biblioteca
soil2-debug.lib(etc1_utils.obj) : warning LNK4099: no se encontr≤ PDB 'soil2-debug.pdb' con 'soil2-debug.lib(etc1_utils.obj)' o en 'C:\Users\franc\Desktop\LaboGrßfica\ProyectoFinalLaboratorioCGIHC\ProyectoFinalLaboratorioCGIHC\Debug\soil2-debug.pdb'; se vincularß el objeto sin tener en cuenta informaci≤n de depuraci≤n
soil2-debug.lib(image_DXT.obj) : warning LNK4099: no se encontr≤ PDB 'soil2-debug.pdb' con 'soil2-debug.lib(image_DXT.obj)' o en 'C:\Users\franc\Desktop\LaboGrßfica\ProyectoFinalLaboratorioCGIHC\ProyectoFinalLaboratorioCGIHC\Debug\soil2-debug.pdb'; se vincularß el objeto sin tener en cuenta informaci≤n de depuraci≤n
soil2-debug.lib(image_helper.obj) : warning LNK4099: no se encontr≤ PDB 'soil2-debug.pdb' con 'soil2-debug.lib(image_helper.obj)' o en 'C:\Users\franc\Desktop\LaboGrßfica\ProyectoFinalLaboratorioCGIHC\ProyectoFinalLaboratorioCGIHC\Debug\soil2-debug.pdb'; se vincularß el objeto sin tener en cuenta informaci≤n de depuraci≤n
soil2-debug.lib(SOIL2.obj) : warning LNK4099: no se encontr≤ PDB 'soil2-debug.pdb' con 'soil2-debug.lib(SOIL2.obj)' o en 'C:\Users\franc\Desktop\LaboGrßfica\ProyectoFinalLaboratorioCGIHC\ProyectoFinalLaboratorioCGIHC\Debug\soil2-debug.pdb'; se vincularß el objeto sin tener en cuenta informaci≤n de depuraci≤n
  ProyectoFinalLaboratorioCGIHC.vcxproj -> C:\Users\franc\Desktop\LaboGráfica\ProyectoFinalLaboratorioCGIHC\ProyectoFinalLaboratorioCGIHC\Debug\ProyectoFinalLaboratorioCGIHC.exe
